[LOG] system_create                            : Header version = 2.03.06. Current version = 2.03.06.
[LOG] Manager::init                            : maxchannels = 256 studioflags = 00000006 flags 00000000 extradriverdata 0000000000000000.
[LOG] SystemI::init                            : Initialize version=20306 (149358), maxchannels=256, flags=0x00020000
[LOG] SystemI::setOutputInternal               : Setting output to 'FMOD WASAPI Output'
[LOG] OutputWASAPI::init                       : Mix Format (WAVEFORMATEX): wFormatTag=0xFFFE, nChannels=2, nSamplesPerSec=48000, nAvgBytesPerSec=384000, nBlockAlign=8, wBitsPerSample=32, cbSize=22.
[LOG] OutputWASAPI::init                       : Mix Format (WAVEFORMATEXTENSIBLE): wValidBitsPerSample=32, dwChannelMask=0x00000003, SubFormat=00000003-0000-0010-8000-00AA00389B71.
[LOG] OutputWASAPI::init                       : Output buffer size: 2048 samples, latency: 0.00ms, period: 10.00ms, DSP buffer: 512 * 4
[LOG] Thread::initThread                       : Init FMOD stream thread. Affinity: 0x4000000000000003, Priority: 0xFFFF7FFB, Stack Size: 98304, Semaphore: No, Sleep Time: 10, Looping: Yes.
[LOG] SystemI::DSPCodecPoolRegister            : register codec pool for pool type 0
[LOG] Thread::initThread                       : Init FMOD mixer thread. Affinity: 0x4000000000000001, Priority: 0xFFFF7FFA, Stack Size: 81920, Semaphore: No, Sleep Time: 0, Looping: Yes.
[LOG] AsyncManager::init                       : manager 00000135A5A74A98 isAsync 0 updatePeriod 0.02
[LOG] AsyncManager::init                       : done
[LOG] PlaybackSystem::init                     : 
[LOG] Thread::initThread                       : Init FMOD Studio sample load thread. Affinity: 0x4000000000000003, Priority: 0xFFFF7FFD, Stack Size: 98304, Semaphore: No, Sleep Time: 1, Looping: No.
[LOG] PlaybackSystem::init                     : done
[LOG] Thread::initThread                       : Init FMOD Studio bank load thread. Affinity: 0x4000000000000003, Priority: 0xFFFF7FFD, Stack Size: 98304, Semaphore: No, Sleep Time: 1, Looping: No.
[LOG] Manager::init                            : done.
[LOG] BankLoader::serializeBank                : fileversion = 146, compatVersion = 146 (oldest = 44, newest = 146)
[LOG] BankLoader::serializeBank                : fileversion = 146, compatVersion = 146 (oldest = 44, newest = 146)
[LOG] BankLoader::serializeBank                : fileversion = 146, compatVersion = 146 (oldest = 44, newest = 146)
[LOG] PlaybackSystem::acquireMasterBus         : Setting master channel group format to 6
[LOG] BankLoader::serializeBank                : fileversion = 146, compatVersion = 146 (oldest = 44, newest = 146)
[LOG] BankLoader::serializeBank                : fileversion = 146, compatVersion = 146 (oldest = 44, newest = 146)
[LOG] BankLoader::serializeBank                : fileversion = 146, compatVersion = 146 (oldest = 44, newest = 146)
[LOG] Manager::finishLoadBank                  : Bank with guid {78a67150-3ef4-4d3d-92a1-fe040c469188} has already been loaded
[LOG] BankLoader::serializeBank                : fileversion = 146, compatVersion = 146 (oldest = 44, newest = 146)
[LOG] Manager::finishLoadBank                  : Bank with guid {418680e0-df41-4a08-a174-beeb495df9d8} has already been loaded
[LOG] BankLoader::serializeBank                : fileversion = 146, compatVersion = 146 (oldest = 44, newest = 146)
[LOG] Manager::finishLoadBank                  : Bank with guid {012b61d5-1507-4b32-aa97-2576912b9ac7} has already been loaded
[LOG] BankLoader::serializeBank                : fileversion = 146, compatVersion = 146 (oldest = 44, newest = 146)
[LOG] Manager::finishLoadBank                  : Bank with guid {453d2bca-96c7-4b81-9a5c-5c70ba00b9db} has already been loaded
[LOG] SystemI::createSoundInternal             : Create name='', mode=0x02000202
[LOG] SystemI::createSoundInternal             : exinfo->cbsize             = 224
[LOG] SystemI::createSoundInternal             : exinfo->length             = 297024
[LOG] SystemI::createSoundInternal             : exinfo->fileoffset         = 12160
[LOG] SystemI::createSoundInternal             : exinfo->numsubsounds       = 1
[LOG] SystemI::createSoundInternal             : exinfo->inclusionlist      = 000000215B89EDA8
[LOG] SystemI::createSoundInternal             : exinfo->inclusionlistnum   = 1
[LOG] SystemI::createSoundInternal             : exinfo->suggestedsoundtype = 5
[LOG] SystemI::createSoundInternal             : exinfo->useropen           = 00007FFAB634D3E0
[LOG] SystemI::createSoundInternal             : exinfo->userclose          = 00007FFAB634D3A0
[LOG] SystemI::createSoundInternal             : exinfo->userread           = 00007FFAB634D4C0
[LOG] SystemI::createSoundInternal             : exinfo->userseek           = 00007FFAB634D580
[LOG] SystemI::createSoundInternal             : exinfo->fileuserdata       = 00000134F96DF498
[LOG] SystemI::createSoundInternal             : exinfo->initialseekpostype = 1
[LOG] SystemI::DSPCodecPoolRegister            : register codec pool for pool type 4
[LOG] SystemI::createSoundInternal             : Sample 0/1: name='RatSqueak_SFXB.306', format=5, channels=2, frequency=48000, lengthbytes=25856, lengthpcm=102144, pcmblocksize=0, loopstart=0, loopend=0, mode=0x00000000, channelmask=0x00000000, channelorder=0, peakvolume=0.484972.
[LOG] SystemI::createSoundInternal             : Create name='', mode=0x02000202
[LOG] SystemI::createSoundInternal             : exinfo->cbsize             = 224
[LOG] SystemI::createSoundInternal             : exinfo->length             = 297024
[LOG] SystemI::createSoundInternal             : exinfo->fileoffset         = 12160
[LOG] SystemI::createSoundInternal             : exinfo->numsubsounds       = 1
[LOG] SystemI::createSoundInternal             : exinfo->inclusionlist      = 000000215B89EDA8
[LOG] SystemI::createSoundInternal             : exinfo->inclusionlistnum   = 1
[LOG] SystemI::createSoundInternal             : exinfo->suggestedsoundtype = 5
[LOG] SystemI::createSoundInternal             : exinfo->useropen           = 00007FFAB634D3E0
[LOG] SystemI::createSoundInternal             : exinfo->userclose          = 00007FFAB634D3A0
[LOG] SystemI::createSoundInternal             : exinfo->userread           = 00007FFAB634D4C0
[LOG] SystemI::createSoundInternal             : exinfo->userseek           = 00007FFAB634D580
[LOG] SystemI::createSoundInternal             : exinfo->fileuserdata       = 00000134F96DF498
[LOG] SystemI::createSoundInternal             : exinfo->initialseekpostype = 1
[LOG] SystemI::DSPCodecPoolRegister            : register codec pool for pool type 4
[LOG] SystemI::createSoundInternal             : Sample 0/1: name='RatSqueak_BW.13619', format=5, channels=2, frequency=48000, lengthbytes=17984, lengthpcm=78848, pcmblocksize=0, loopstart=0, loopend=0, mode=0x00000000, channelmask=0x00000000, channelorder=0, peakvolume=0.943041.
[LOG] SystemI::createSoundInternal             : Create name='', mode=0x02000202
[LOG] SystemI::createSoundInternal             : exinfo->cbsize             = 224
[LOG] SystemI::createSoundInternal             : exinfo->length             = 297024
[LOG] SystemI::createSoundInternal             : exinfo->fileoffset         = 12160
[LOG] SystemI::createSoundInternal             : exinfo->numsubsounds       = 1
[LOG] SystemI::createSoundInternal             : exinfo->inclusionlist      = 000000215B89EDA8
[LOG] SystemI::createSoundInternal             : exinfo->inclusionlistnum   = 1
[LOG] SystemI::createSoundInternal             : exinfo->suggestedsoundtype = 5
[LOG] SystemI::createSoundInternal             : exinfo->useropen           = 00007FFAB634D3E0
[LOG] SystemI::createSoundInternal             : exinfo->userclose          = 00007FFAB634D3A0
[LOG] SystemI::createSoundInternal             : exinfo->userread           = 00007FFAB634D4C0
[LOG] SystemI::createSoundInternal             : exinfo->userseek           = 00007FFAB634D580
[LOG] SystemI::createSoundInternal             : exinfo->fileuserdata       = 00000134F96DF498
[LOG] SystemI::createSoundInternal             : exinfo->initialseekpostype = 1
[LOG] SystemI::DSPCodecPoolRegister            : register codec pool for pool type 4
[LOG] SystemI::createSoundInternal             : Sample 0/1: name='RatSqueak_BW.13620', format=5, channels=2, frequency=48000, lengthbytes=3168, lengthpcm=12544, pcmblocksize=0, loopstart=0, loopend=0, mode=0x00000000, channelmask=0x00000000, channelorder=0, peakvolume=0.944487.
[LOG] SystemI::createSoundInternal             : Create name='', mode=0x02000202
[LOG] SystemI::createSoundInternal             : exinfo->cbsize             = 224
[LOG] SystemI::createSoundInternal             : exinfo->length             = 297024
[LOG] SystemI::createSoundInternal             : exinfo->fileoffset         = 12160
[LOG] SystemI::createSoundInternal             : exinfo->numsubsounds       = 1
[LOG] SystemI::createSoundInternal             : exinfo->inclusionlist      = 000000215B89EDA8
[LOG] SystemI::createSoundInternal             : exinfo->inclusionlistnum   = 1
[LOG] SystemI::createSoundInternal             : exinfo->suggestedsoundtype = 5
[LOG] SystemI::createSoundInternal             : exinfo->useropen           = 00007FFAB634D3E0
[LOG] SystemI::createSoundInternal             : exinfo->userclose          = 00007FFAB634D3A0
[LOG] SystemI::createSoundInternal             : exinfo->userread           = 00007FFAB634D4C0
[LOG] SystemI::createSoundInternal             : exinfo->userseek           = 00007FFAB634D580
[LOG] SystemI::createSoundInternal             : exinfo->fileuserdata       = 00000134F96DF498
[LOG] SystemI::createSoundInternal             : exinfo->initialseekpostype = 1
[LOG] SystemI::DSPCodecPoolRegister            : register codec pool for pool type 4
[LOG] SystemI::createSoundInternal             : Sample 0/1: name='RatSqueak_BW.13616', format=5, channels=2, frequency=48000, lengthbytes=10752, lengthpcm=42752, pcmblocksize=0, loopstart=0, loopend=0, mode=0x00000000, channelmask=0x00000000, channelorder=0, peakvolume=0.937039.
[LOG] SystemI::createSoundInternal             : Create name='', mode=0x02000202
[LOG] SystemI::createSoundInternal             : exinfo->cbsize             = 224
[LOG] SystemI::createSoundInternal             : exinfo->length             = 297024
[LOG] SystemI::createSoundInternal             : exinfo->fileoffset         = 12160
[LOG] SystemI::createSoundInternal             : exinfo->numsubsounds       = 1
[LOG] SystemI::createSoundInternal             : exinfo->inclusionlist      = 000000215B89EDA8
[LOG] SystemI::createSoundInternal             : exinfo->inclusionlistnum   = 1
[LOG] SystemI::createSoundInternal             : exinfo->suggestedsoundtype = 5
[LOG] SystemI::createSoundInternal             : exinfo->useropen           = 00007FFAB634D3E0
[LOG] SystemI::createSoundInternal             : exinfo->userclose          = 00007FFAB634D3A0
[LOG] SystemI::createSoundInternal             : exinfo->userread           = 00007FFAB634D4C0
[LOG] SystemI::createSoundInternal             : exinfo->userseek           = 00007FFAB634D580
[LOG] SystemI::createSoundInternal             : exinfo->fileuserdata       = 00000134F96DF498
[LOG] SystemI::createSoundInternal             : exinfo->initialseekpostype = 1
[LOG] SystemI::DSPCodecPoolRegister            : register codec pool for pool type 4
[LOG] SystemI::createSoundInternal             : Sample 0/1: name='RatSqueak_BW.2790', format=5, channels=2, frequency=48000, lengthbytes=3104, lengthpcm=12544, pcmblocksize=0, loopstart=0, loopend=0, mode=0x00000000, channelmask=0x00000000, channelorder=0, peakvolume=0.372476.
[LOG] SystemI::createSoundInternal             : Create name='', mode=0x02000202
[LOG] SystemI::createSoundInternal             : exinfo->cbsize             = 224
[LOG] SystemI::createSoundInternal             : exinfo->length             = 297024
[LOG] SystemI::createSoundInternal             : exinfo->fileoffset         = 12160
[LOG] SystemI::createSoundInternal             : exinfo->numsubsounds       = 1
[LOG] SystemI::createSoundInternal             : exinfo->inclusionlist      = 000000215B89EDA8
[LOG] SystemI::createSoundInternal             : exinfo->inclusionlistnum   = 1
[LOG] SystemI::createSoundInternal             : exinfo->suggestedsoundtype = 5
[LOG] SystemI::createSoundInternal             : exinfo->useropen           = 00007FFAB634D3E0
[LOG] SystemI::createSoundInternal             : exinfo->userclose          = 00007FFAB634D3A0
[LOG] SystemI::createSoundInternal             : exinfo->userread           = 00007FFAB634D4C0
[LOG] SystemI::createSoundInternal             : exinfo->userseek           = 00007FFAB634D580
[LOG] SystemI::createSoundInternal             : exinfo->fileuserdata       = 00000134F96DF498
[LOG] SystemI::createSoundInternal             : exinfo->initialseekpostype = 1
[LOG] SystemI::DSPCodecPoolRegister            : register codec pool for pool type 4
[LOG] SystemI::createSoundInternal             : Sample 0/1: name='FF_AS_rat_squeak_higher', format=5, channels=2, frequency=48000, lengthbytes=58976, lengthpcm=190689, pcmblocksize=0, loopstart=0, loopend=0, mode=0x00000000, channelmask=0x00000000, channelorder=0, peakvolume=0.891251.
[LOG] SystemI::createSoundInternal             : Create name='', mode=0x02000202
[LOG] SystemI::createSoundInternal             : exinfo->cbsize             = 224
[LOG] SystemI::createSoundInternal             : exinfo->length             = 297024
[LOG] SystemI::createSoundInternal             : exinfo->fileoffset         = 12160
[LOG] SystemI::createSoundInternal             : exinfo->numsubsounds       = 1
[LOG] SystemI::createSoundInternal             : exinfo->inclusionlist      = 000000215B89EDA8
[LOG] SystemI::createSoundInternal             : exinfo->inclusionlistnum   = 1
[LOG] SystemI::createSoundInternal             : exinfo->suggestedsoundtype = 5
[LOG] SystemI::createSoundInternal             : exinfo->useropen           = 00007FFAB634D3E0
[LOG] SystemI::createSoundInternal             : exinfo->userclose          = 00007FFAB634D3A0
[LOG] SystemI::createSoundInternal             : exinfo->userread           = 00007FFAB634D4C0
[LOG] SystemI::createSoundInternal             : exinfo->userseek           = 00007FFAB634D580
[LOG] SystemI::createSoundInternal             : exinfo->fileuserdata       = 00000134F96DF498
[LOG] SystemI::createSoundInternal             : exinfo->initialseekpostype = 1
[LOG] SystemI::DSPCodecPoolRegister            : register codec pool for pool type 4
[LOG] SystemI::createSoundInternal             : Sample 0/1: name='RatSqueak_BW.13623', format=5, channels=2, frequency=48000, lengthbytes=8352, lengthpcm=36096, pcmblocksize=0, loopstart=0, loopend=0, mode=0x00000000, channelmask=0x00000000, channelorder=0, peakvolume=0.944232.
[LOG] SystemI::createSoundInternal             : Create name='', mode=0x02000202
[LOG] SystemI::createSoundInternal             : exinfo->cbsize             = 224
[LOG] SystemI::createSoundInternal             : exinfo->length             = 297024
[LOG] SystemI::createSoundInternal             : exinfo->fileoffset         = 12160
[LOG] SystemI::createSoundInternal             : exinfo->numsubsounds       = 1
[LOG] SystemI::createSoundInternal             : exinfo->inclusionlist      = 000000215B89EDA8
[LOG] SystemI::createSoundInternal             : exinfo->inclusionlistnum   = 1
[LOG] SystemI::createSoundInternal             : exinfo->suggestedsoundtype = 5
[LOG] SystemI::createSoundInternal             : exinfo->useropen           = 00007FFAB634D3E0
[LOG] SystemI::createSoundInternal             : exinfo->userclose          = 00007FFAB634D3A0
[LOG] SystemI::createSoundInternal             : exinfo->userread           = 00007FFAB634D4C0
[LOG] SystemI::createSoundInternal             : exinfo->userseek           = 00007FFAB634D580
[LOG] SystemI::createSoundInternal             : exinfo->fileuserdata       = 00000134F96DF498
[LOG] SystemI::createSoundInternal             : exinfo->initialseekpostype = 1
[LOG] SystemI::DSPCodecPoolRegister            : register codec pool for pool type 4
[LOG] SystemI::createSoundInternal             : Sample 0/1: name='RatSqueak_ZA02.431', format=5, channels=2, frequency=48000, lengthbytes=2688, lengthpcm=9472, pcmblocksize=0, loopstart=0, loopend=0, mode=0x00000000, channelmask=0x00000000, channelorder=0, peakvolume=0.512351.
[LOG] SystemI::createSoundInternal             : Create name='', mode=0x02000202
[LOG] SystemI::createSoundInternal             : exinfo->cbsize             = 224
[LOG] SystemI::createSoundInternal             : exinfo->length             = 297024
[LOG] SystemI::createSoundInternal             : exinfo->fileoffset         = 12160
[LOG] SystemI::createSoundInternal             : exinfo->numsubsounds       = 1
[LOG] SystemI::createSoundInternal             : exinfo->inclusionlist      = 000000215B89EDA8
[LOG] SystemI::createSoundInternal             : exinfo->inclusionlistnum   = 1
[LOG] SystemI::createSoundInternal             : exinfo->suggestedsoundtype = 5
[LOG] SystemI::createSoundInternal             : exinfo->useropen           = 00007FFAB634D3E0
[LOG] SystemI::createSoundInternal             : exinfo->userclose          = 00007FFAB634D3A0
[LOG] SystemI::createSoundInternal             : exinfo->userread           = 00007FFAB634D4C0
[LOG] SystemI::createSoundInternal             : exinfo->userseek           = 00007FFAB634D580
[LOG] SystemI::createSoundInternal             : exinfo->fileuserdata       = 00000134F96DF498
[LOG] SystemI::createSoundInternal             : exinfo->initialseekpostype = 1
[LOG] SystemI::DSPCodecPoolRegister            : register codec pool for pool type 4
[LOG] SystemI::createSoundInternal             : Sample 0/1: name='RatSqueak_BW.13622', format=5, channels=2, frequency=48000, lengthbytes=12832, lengthpcm=51712, pcmblocksize=0, loopstart=0, loopend=0, mode=0x00000000, channelmask=0x00000000, channelorder=0, peakvolume=0.943624.
[LOG] SoundI::release                          :  (000001328DF86468)
[LOG] SoundI::release                          :     FF_AS_rat_squeak_higher (000001328DDAB4B8)
[LOG] SoundI::release                          :  (000001328DF861A8)
[LOG] SoundI::release                          :     RatSqueak_BW.13616 (000001328DDAB338)
[LOG] SoundI::release                          :  (000001328DF86048)
[LOG] SoundI::release                          :     RatSqueak_BW.13619 (000001328DDAB1B8)
[LOG] SoundI::release                          :  (000001328DF81FA8)
[LOG] SoundI::release                          :     RatSqueak_BW.13620 (000001328DDAB638)
[LOG] SoundI::release                          :  (000001328DF86728)
[LOG] SoundI::release                          :     RatSqueak_BW.13622 (00000134F6C88E68)
[LOG] SoundI::release                          :  (000001328DF865C8)
[LOG] SoundI::release                          :     RatSqueak_BW.13623 (000001328DDAB7B8)
[LOG] SoundI::release                          :  (000001328DF86308)
[LOG] SoundI::release                          :     RatSqueak_BW.2790 (000001328DDAAD38)
[LOG] SoundI::release                          :  (000001328DF85EE8)
[LOG] SoundI::release                          :     RatSqueak_SFXB.306 (000001328DDAABB8)
[LOG] SoundI::release                          :  (000001328DF86888)
[LOG] SoundI::release                          :     RatSqueak_ZA02.431 (00000134F6C88568)
